Using pre-set license
Built from '2020.2/staging' branch; Version is '2020.2.7f1 (c53830e277f1) revision 12924976'; Using compiler version '192528614'; Build Type 'Release'
OS: 'Windows 10 Pro; OS build 22631.3155; Version 2009; 64bit' Language: 'ja' Physical Memory: 65214 MB
BatchMode: 1, IsHumanControllingUs: 0, StartBugReporterOnCrash: 0, Is64bit: 1, IsPro: 0

 COMMAND LINE ARGUMENTS:
C:\Program Files\Unity\Hub\Editor\2020.2.7f1\Editor\Unity.exe
-adb2
-batchMode
-noUpm
-name
AssetImportWorker0
-projectPath
C:/Users/inobe/OneDrive/デスクトップ/git管理/AI_Sushida
-logFile
Logs/AssetImportWorker0.log
-srvPort
59864
Successfully changed project path to: C:/Users/inobe/OneDrive/デスクトップ/git管理/AI_Sushida
C:/Users/inobe/OneDrive/デスクトップ/git管理/AI_Sushida
Using Asset Import Pipeline V2.
Refreshing native plugins compatible for Editor in 11.17 ms, found 0 plugins.
Preloading 0 native plugins for Editor in 0.00 ms.
Initialize engine version: 2020.2.7f1 (c53830e277f1)
[Subsystems] Discovering subsystems at path C:/Program Files/Unity/Hub/Editor/2020.2.7f1/Editor/Data/Resources/UnitySubsystems
[Subsystems] Discovering subsystems at path C:/Users/inobe/OneDrive/デスクトップ/git管理/AI_Sushida/Assets
GfxDevice: creating device client; threaded=0
Direct3D:
    Version:  Direct3D 11.0 [level 11.1]
    Renderer: NVIDIA GeForce RTX 4070 Ti (ID=0x2782)
    Vendor:   
    VRAM:     12010 MB
    Driver:   31.0.15.4601
Initialize mono
Mono path[0] = 'C:/Program Files/Unity/Hub/Editor/2020.2.7f1/Editor/Data/Managed'
Mono path[1] = 'C:/Program Files/Unity/Hub/Editor/2020.2.7f1/Editor/Data/MonoBleedingEdge/lib/mono/unityjit'
Mono config path = 'C:/Program Files/Unity/Hub/Editor/2020.2.7f1/Editor/Data/MonoBleedingEdge/etc'
Using monoOptions --debugger-agent=transport=dt_socket,embedding=1,server=y,suspend=n,address=127.0.0.1:56976
Begin MonoManager ReloadAssembly
Registering precompiled unity dll's ...
Register platform support module: C:/Program Files/Unity/Hub/Editor/2020.2.7f1/Editor/Data/PlaybackEngines/WebGLSupport/UnityEditor.WebGL.Extensions.dll
Register platform support module: C:/Program Files/Unity/Hub/Editor/2020.2.7f1/Editor/Data/PlaybackEngines/WindowsStandaloneSupport/UnityEditor.WindowsStandalone.Extensions.dll
Registered in 0.001075 seconds.
Native extension for WindowsStandalone target not found
Native extension for WebGL target not found
Refreshing native plugins compatible for Editor in 10.83 ms, found 0 plugins.
Preloading 0 native plugins for Editor in 0.00 ms.
Invoked RoslynAnalysisRunner static constructor.
RoslynAnalysisRunner will not be running.
RoslynAnalysisRunner has terminated.
Mono: successfully reloaded assembly
- Completed reload, in  0.548 seconds
Platform modules already initialized, skipping
Registering precompiled user dll's ...
Registered in 0.000396 seconds.
Begin MonoManager ReloadAssembly
Native extension for WindowsStandalone target not found
Native extension for WebGL target not found
Refreshing native plugins compatible for Editor in 0.15 ms, found 0 plugins.
Preloading 0 native plugins for Editor in 0.00 ms.
Invoked RoslynAnalysisRunner static constructor.
RoslynAnalysisRunner will not be running.
RoslynAnalysisRunner has terminated.
Mono: successfully reloaded assembly
- Completed reload, in  0.376 seconds
Platform modules already initialized, skipping
========================================================================
Worker process is ready to serve import requests
Launched and connected shader compiler UnityShaderCompiler.exe after 0.04 seconds
Refreshing native plugins compatible for Editor in 0.13 ms, found 0 plugins.
Preloading 0 native plugins for Editor in 0.00 ms.
Unloading 1117 Unused Serialized files (Serialized files now loaded: 0)
System memory in use before: 61.7 MB.
System memory in use after: 61.7 MB.

Unloading 9 unused Assets to reduce memory usage. Loaded Objects now: 1561.
Total: 0.961600 ms (FindLiveObjects: 0.069900 ms CreateObjectMapping: 0.016200 ms MarkObjects: 0.829200 ms  DeleteObjects: 0.045600 ms)

========================================================================
Received Import Request.
  path: Assets/SushiMover.cs
  artifactKey: Guid(215b9ba3acb1574499bb1679c6e8abce) Importer(815301076,1909f56bfc062723c751e8b465ee728b)
Start importing Assets/SushiMover.cs using Guid(215b9ba3acb1574499bb1679c6e8abce) Importer(815301076,1909f56bfc062723c751e8b465ee728b)  -> (artifact id: '6cbcfb491882953caaafcde6571b7a3d') in 0.013030 seconds
  Import took 0.014187 seconds .

========================================================================
Received Import Request.
  Time since last request: 8.071165 seconds.
  path: Assets/Image.prefab
  artifactKey: Guid(efaf607933ee3084da5b12f161f3f7c9) Importer(815301076,1909f56bfc062723c751e8b465ee728b)
Start importing Assets/Image.prefab using Guid(efaf607933ee3084da5b12f161f3f7c9) Importer(815301076,1909f56bfc062723c751e8b465ee728b)  -> (artifact id: '0bd34e37eb8d237a63ecebb598b83782') in 0.017356 seconds
  Import took 0.018437 seconds .

========================================================================
Received Import Request.
  Time since last request: 0.000612 seconds.
  path: Assets/Image.prefab
  artifactKey: Guid(efaf607933ee3084da5b12f161f3f7c9) Importer(815301076,1909f56bfc062723c751e8b465ee728b)
Start importing Assets/Image.prefab using Guid(efaf607933ee3084da5b12f161f3f7c9) Importer(815301076,1909f56bfc062723c751e8b465ee728b)  -> (artifact id: '0bd34e37eb8d237a63ecebb598b83782') in 0.001728 seconds
  Import took 0.002729 seconds .

========================================================================
Received Prepare
Registering precompiled user dll's ...
Registered in 0.000382 seconds.
Begin MonoManager ReloadAssembly
Native extension for WindowsStandalone target not found
Native extension for WebGL target not found
Refreshing native plugins compatible for Editor in 0.14 ms, found 0 plugins.
Preloading 0 native plugins for Editor in 0.00 ms.
Invoked RoslynAnalysisRunner static constructor.
RoslynAnalysisRunner will not be running.
RoslynAnalysisRunner has terminated.
Mono: successfully reloaded assembly
- Completed reload, in  0.377 seconds
Platform modules already initialized, skipping
Refreshing native plugins compatible for Editor in 0.12 ms, found 0 plugins.
Preloading 0 native plugins for Editor in 0.00 ms.
Unloading 1111 Unused Serialized files (Serialized files now loaded: 0)
System memory in use before: 61.6 MB.
System memory in use after: 61.7 MB.

Unloading 4 unused Assets to reduce memory usage. Loaded Objects now: 1564.
Total: 0.947700 ms (FindLiveObjects: 0.074700 ms CreateObjectMapping: 0.016200 ms MarkObjects: 0.843500 ms  DeleteObjects: 0.012300 ms)

========================================================================
Received Import Request.
  Time since last request: 140.142809 seconds.
  path: Assets/Image.prefab
  artifactKey: Guid(efaf607933ee3084da5b12f161f3f7c9) Importer(815301076,1909f56bfc062723c751e8b465ee728b)
Start importing Assets/Image.prefab using Guid(efaf607933ee3084da5b12f161f3f7c9) Importer(815301076,1909f56bfc062723c751e8b465ee728b)  -> (artifact id: '133db356fecb39250d8288b78276e2ec') in 0.015776 seconds
  Import took 0.016969 seconds .

========================================================================
Received Prepare
Registering precompiled user dll's ...
Registered in 0.000364 seconds.
Begin MonoManager ReloadAssembly
Native extension for WindowsStandalone target not found
Native extension for WebGL target not found
Refreshing native plugins compatible for Editor in 0.14 ms, found 0 plugins.
Preloading 0 native plugins for Editor in 0.00 ms.
Invoked RoslynAnalysisRunner static constructor.
RoslynAnalysisRunner will not be running.
RoslynAnalysisRunner has terminated.
Mono: successfully reloaded assembly
- Completed reload, in  0.380 seconds
Platform modules already initialized, skipping
Refreshing native plugins compatible for Editor in 0.12 ms, found 0 plugins.
Preloading 0 native plugins for Editor in 0.00 ms.
Unloading 1111 Unused Serialized files (Serialized files now loaded: 0)
System memory in use before: 61.6 MB.
System memory in use after: 61.7 MB.

Unloading 4 unused Assets to reduce memory usage. Loaded Objects now: 1567.
Total: 1.048300 ms (FindLiveObjects: 0.106800 ms CreateObjectMapping: 0.026600 ms MarkObjects: 0.903700 ms  DeleteObjects: 0.010300 ms)

========================================================================
Received Import Request.
  Time since last request: 6.214329 seconds.
  path: Assets/Image.prefab
  artifactKey: Guid(efaf607933ee3084da5b12f161f3f7c9) Importer(815301076,1909f56bfc062723c751e8b465ee728b)
Start importing Assets/Image.prefab using Guid(efaf607933ee3084da5b12f161f3f7c9) Importer(815301076,1909f56bfc062723c751e8b465ee728b)  -> (artifact id: '5dd6e78cf58072924d9520cd191cde57') in 0.016913 seconds
  Import took 0.018179 seconds .

========================================================================
Received Prepare
Registering precompiled user dll's ...
Registered in 0.000358 seconds.
Begin MonoManager ReloadAssembly
Native extension for WindowsStandalone target not found
Native extension for WebGL target not found
Refreshing native plugins compatible for Editor in 0.14 ms, found 0 plugins.
Preloading 0 native plugins for Editor in 0.00 ms.
Invoked RoslynAnalysisRunner static constructor.
RoslynAnalysisRunner will not be running.
RoslynAnalysisRunner has terminated.
Mono: successfully reloaded assembly
- Completed reload, in  0.389 seconds
Platform modules already initialized, skipping
Refreshing native plugins compatible for Editor in 0.13 ms, found 0 plugins.
Preloading 0 native plugins for Editor in 0.00 ms.
Unloading 1111 Unused Serialized files (Serialized files now loaded: 0)
System memory in use before: 61.6 MB.
System memory in use after: 61.7 MB.

Unloading 4 unused Assets to reduce memory usage. Loaded Objects now: 1570.
Total: 0.912200 ms (FindLiveObjects: 0.092200 ms CreateObjectMapping: 0.016500 ms MarkObjects: 0.791100 ms  DeleteObjects: 0.011400 ms)

AssetImportWorkerClient::OnTransportError - code=2 error=End of file
